[0604/132715.297:ERROR:process_memory_win.cc(73)] ReadMemory at 0x7ff7694e0000 of 64 bytes failed: Only part of a ReadProcessMemory or WriteProcessMemory request was completed. (0x12B)
[0604/132715.695:WARNING:pe_image_reader.cc(340)] could not read dos header from C:\Program Files (x86)\Google\Chrome\Application\chrome.exe
[0604/132715.695:ERROR:process_memory_win.cc(73)] ReadMemory at 0x7ffac0e60000 of 64 bytes failed: Only part of a ReadProcessMemory or WriteProcessMemory request was completed. (0x12B)
[0604/132715.695:WARNING:pe_image_reader.cc(340)] could not read dos header from C:\Windows\SYSTEM32\ntdll.dll
[0604/132715.696:ERROR:process_memory_win.cc(73)] ReadMemory at 0x7ffabf420000 of 64 bytes failed: Only part of a ReadProcessMemory or WriteProcessMemory request was completed. (0x12B)
[0604/132715.773:WARNING:pe_image_reader.cc(340)] could not read dos header from C:\Windows\System32\KERNEL32.DLL
[0604/132715.773:ERROR:process_memory_win.cc(73)] ReadMemory at 0x7ffabea60000 of 64 bytes failed: Only part of a ReadProcessMemory or WriteProcessMemory request was completed. (0x12B)
[0604/132715.773:WARNING:pe_image_reader.cc(340)] could not read dos header from C:\Windows\System32\KERNELBASE.dll
[0604/132715.773:ERROR:process_memory_win.cc(73)] ReadMemory at 0x7ffa9bd00000 of 64 bytes failed: Only part of a ReadProcessMemory or WriteProcessMemory request was completed. (0x12B)
[0604/132715.773:WARNING:pe_image_reader.cc(340)] could not read dos header from C:\Program Files (x86)\Google\Chrome\Application\83.0.4103.61\chrome_elf.dll
[0604/132715.773:ERROR:process_memory_win.cc(73)] ReadMemory at 0x7ffaaf660000 of 64 bytes failed: Only part of a ReadProcessMemory or WriteProcessMemory request was completed. (0x12B)
[0604/132715.773:WARNING:pe_image_reader.cc(340)] could not read dos header from C:\Windows\SYSTEM32\VERSION.dll
[0604/132715.773:ERROR:process_memory_win.cc(73)] ReadMemory at 0x7ffabfa70000 of 64 bytes failed: Only part of a ReadProcessMemory or WriteProcessMemory request was completed. (0x12B)
[0604/132715.774:WARNING:pe_image_reader.cc(340)] could not read dos header from C:\Windows\System32\msvcrt.dll
[0604/132715.774:ERROR:process_memory_win.cc(73)] ReadMemory at 0x7ffabe9e0000 of 64 bytes failed: Only part of a ReadProcessMemory or WriteProcessMemory request was completed. (0x12B)
[0604/132715.774:WARNING:pe_image_reader.cc(340)] could not read dos header from C:\Windows\System32\bcryptPrimitives.dll
[0604/132715.774:ERROR:process_memory_win.cc(73)] ReadMemory at 0x7ffabb4e0000 of 64 bytes failed: Only part of a ReadProcessMemory or WriteProcessMemory request was completed. (0x12B)
[0604/132715.774:WARNING:pe_image_reader.cc(340)] could not read dos header from C:\Windows\SYSTEM32\WINMM.dll
[0604/132715.774:ERROR:process_memory_win.cc(73)] ReadMemory at 0x7ffabb4b0000 of 64 bytes failed: Only part of a ReadProcessMemory or WriteProcessMemory request was completed. (0x12B)
[0604/132715.774:WARNING:pe_image_reader.cc(340)] could not read dos header from C:\Windows\SYSTEM32\WINMMBASE.dll
[0604/132715.774:ERROR:process_memory_win.cc(73)] ReadMemory at 0x7ffabe770000 of 64 bytes failed: Only part of a ReadProcessMemory or WriteProcessMemory request was completed. (0x12B)
[0604/132715.774:WARNING:pe_image_reader.cc(340)] could not read dos header from C:\Windows\System32\cfgmgr32.dll
[0604/132715.775:ERROR:process_memory_win.cc(73)] ReadMemory at 0x7ffabee10000 of 64 bytes failed: Only part of a ReadProcessMemory or WriteProcessMemory request was completed. (0x12B)
[0604/132715.775:WARNING:pe_image_reader.cc(340)] could not read dos header from C:\Windows\System32\ucrtbase.dll
[0604/132715.775:ERROR:process_memory_win.cc(73)] ReadMemory at 0x7ffabfd00000 of 64 bytes failed: Only part of a ReadProcessMemory or WriteProcessMemory request was completed. (0x12B)
[0604/132715.775:WARNING:pe_image_reader.cc(340)] could not read dos header from C:\Windows\System32\ADVAPI32.dll
[0604/132715.775:ERROR:process_memory_win.cc(73)] ReadMemory at 0x1fbb8860000 of 64 bytes failed: Only part of a ReadProcessMemory or WriteProcessMemory request was completed. (0x12B)
[0604/132715.775:WARNING:pe_image_reader.cc(340)] could not read dos header from C:\Windows\System32\sechost.dll
[0604/132715.776:ERROR:process_memory_win.cc(73)] ReadMemory at 0x7ffabf050000 of 64 bytes failed: Only part of a ReadProcessMemory or WriteProcessMemory request was completed. (0x12B)
[0604/132715.776:WARNING:pe_image_reader.cc(340)] could not read dos header from C:\Windows\System32\RPCRT4.dll
[0604/132715.776:ERROR:process_memory_win.cc(73)] ReadMemory at 0x7ffa72730000 of 64 bytes failed: Only part of a ReadProcessMemory or WriteProcessMemory request was completed. (0x12B)
[0604/132715.776:WARNING:pe_image_reader.cc(340)] could not read dos header from C:\Program Files (x86)\Google\Chrome\Application\83.0.4103.61\chrome.dll
[0604/132715.776:ERROR:process_memory_win.cc(73)] ReadMemory at 0x7ffabefe0000 of 64 bytes failed: Only part of a ReadProcessMemory or WriteProcessMemory request was completed. (0x12B)
[0604/132715.776:WARNING:pe_image_reader.cc(340)] could not read dos header from C:\Windows\System32\WS2_32.dll
[0604/132715.776:ERROR:process_memory_win.cc(73)] ReadMemory at 0x7ffabef10000 of 64 bytes failed: Only part of a ReadProcessMemory or WriteProcessMemory request was completed. (0x12B)
[0604/132715.776:WARNING:pe_image_reader.cc(340)] could not read dos header from C:\Windows\System32\OLEAUT32.dll
[0604/132715.776:ERROR:process_memory_win.cc(73)] ReadMemory at 0x7ffabed10000 of 64 bytes failed: Only part of a ReadProcessMemory or WriteProcessMemory request was completed. (0x12B)
[0604/132715.776:WARNING:pe_image_reader.cc(340)] could not read dos header from C:\Windows\System32\msvcp_win.dll
[0604/132715.776:ERROR:process_memory_win.cc(73)] ReadMemory at 0x7ffabf730000 of 64 bytes failed: Only part of a ReadProcessMemory or WriteProcessMemory request was completed. (0x12B)
[0604/132715.776:WARNING:pe_image_reader.cc(340)] could not read dos header from C:\Windows\System32\combase.dll
[0604/132715.777:ERROR:process_memory_win.cc(73)] ReadMemory at 0x7ffabddf0000 of 64 bytes failed: Only part of a ReadProcessMemory or WriteProcessMemory request was completed. (0x12B)
[0604/132715.777:WARNING:pe_image_reader.cc(340)] could not read dos header from C:\Windows\System32\WINTRUST.dll
[0604/132715.777:ERROR:process_memory_win.cc(73)] ReadMemory at 0x7ffabddd0000 of 64 bytes failed: Only part of a ReadProcessMemory or WriteProcessMemory request was completed. (0x12B)
[0604/132715.777:WARNING:pe_image_reader.cc(340)] could not read dos header from C:\Windows\System32\MSASN1.dll
[0604/132715.777:ERROR:process_memory_win.cc(73)] ReadMemory at 0x7ffabe7c0000 of 64 bytes failed: Only part of a ReadProcessMemory or WriteProcessMemory request was completed. (0x12B)
[0604/132715.777:WARNING:pe_image_reader.cc(340)] could not read dos header from C:\Windows\System32\CRYPT32.dll
[0604/132715.777:ERROR:process_memory_win.cc(73)] ReadMemory at 0x7ffabd240000 of 64 bytes failed: Only part of a ReadProcessMemory or WriteProcessMemory request was completed. (0x12B)
[0604/132715.777:WARNING:pe_image_reader.cc(340)] could not read dos header from C:\Windows\SYSTEM32\IPHLPAPI.DLL
[0604/132715.777:ERROR:process_memory_win.cc(73)] ReadMemory at 0x7ffaaf2c0000 of 64 bytes failed: Only part of a ReadProcessMemory or WriteProcessMemory request was completed. (0x12B)
[0604/132715.777:WARNING:pe_image_reader.cc(340)] could not read dos header from C:\Windows\SYSTEM32\Secur32.dll
[0604/132715.777:ERROR:process_memory_win.cc(73)] ReadMemory at 0x7ffabdc10000 of 64 bytes failed: Only part of a ReadProcessMemory or WriteProcessMemory request was completed. (0x12B)
[0604/132715.777:WARNING:pe_image_reader.cc(340)] could not read dos header from C:\Windows\SYSTEM32\USERENV.dll
[0604/132715.778:ERROR:process_memory_win.cc(73)] ReadMemory at 0x7ffabdda0000 of 64 bytes failed: Only part of a ReadProcessMemory or WriteProcessMemory request was completed. (0x12B)
[0604/132715.778:WARNING:pe_image_reader.cc(340)] could not read dos header from C:\Windows\System32\profapi.dll
[0604/132715.778:ERROR:process_memory_win.cc(73)] ReadMemory at 0x7ffab1670000 of 64 bytes failed: Only part of a ReadProcessMemory or WriteProcessMemory request was completed. (0x12B)
[0604/132715.778:WARNING:pe_image_reader.cc(340)] could not read dos header from C:\Windows\SYSTEM32\UIAutomationCore.DLL
[0604/132715.778:ERROR:process_memory_win.cc(73)] ReadMemory at 0x7ffab5360000 of 64 bytes failed: Only part of a ReadProcessMemory or WriteProcessMemory request was completed. (0x12B)
[0604/132715.778:WARNING:pe_image_reader.cc(340)] could not read dos header from C:\Windows\SYSTEM32\DWrite.dll
[0604/132715.778:ERROR:process_memory_win.cc(73)] ReadMemory at 0x7ffaa47d0000 of 64 bytes failed: Only part of a ReadProcessMemory or WriteProcessMemory request was completed. (0x12B)
[0604/132715.778:WARNING:pe_image_reader.cc(340)] could not read dos header from C:\Windows\SYSTEM32\WINSPOOL.DRV
[0604/132715.778:ERROR:process_memory_win.cc(73)] ReadMemory at 0x7ffabdd80000 of 64 bytes failed: Only part of a ReadProcessMemory or WriteProcessMemory request was completed. (0x12B)
[0604/132715.778:WARNING:pe_image_reader.cc(340)] could not read dos header from C:\Windows\System32\kernel.appcore.dll
[0604/132715.780:ERROR:process_memory_win.cc(73)] ReadMemory at 0x7ffabede0000 of 64 bytes failed: Only part of a ReadProcessMemory or WriteProcessMemory request was completed. (0x12B)
[0604/132715.780:WARNING:pe_image_reader.cc(340)] could not read dos header from C:\Windows\System32\bcrypt.dll
[0604/132715.780:ERROR:process_memory_win.cc(73)] ReadMemory at 0x7ffaad5c0000 of 64 bytes failed: Only part of a ReadProcessMemory or WriteProcessMemory request was completed. (0x12B)
[0604/132715.780:WARNING:pe_image_reader.cc(340)] could not read dos header from C:\Windows\SYSTEM32\dbghelp.dll
[0604/132715.780:ERROR:process_memory_win.cc(73)] ReadMemory at 0x7ffab32f0000 of 64 bytes failed: Only part of a ReadProcessMemory or WriteProcessMemory request was completed. (0x12B)
[0604/132715.780:WARNING:pe_image_reader.cc(340)] could not read dos header from C:\Windows\SYSTEM32\WINHTTP.dll
[0604/132715.781:ERROR:process_memory_win.cc(73)] ReadMemory at 0x7ffab4610000 of 64 bytes failed: Only part of a ReadProcessMemory or WriteProcessMemory request was completed. (0x12B)
[0604/132715.781:WARNING:pe_image_reader.cc(340)] could not read dos header from C:\Windows\SYSTEM32\dhcpcsvc.DLL
[0604/132715.781:ERROR:process_memory_win.cc(73)] ReadMemory at 0x7ffabfc20000 of 64 bytes failed: Only part of a ReadProcessMemory or WriteProcessMemory request was completed. (0x12B)
[0604/132715.781:WARNING:pe_image_reader.cc(340)] could not read dos header from C:\Windows\System32\NSI.dll
[0604/132715.781:ERROR:process_memory_win.cc(73)] ReadMemory at 0x7ffabb1e0000 of 64 bytes failed: Only part of a ReadProcessMemory or WriteProcessMemory request was completed. (0x12B)
[0604/132715.781:WARNING:pe_image_reader.cc(340)] could not read dos header from C:\Windows\SYSTEM32\PROPSYS.dll
[0604/132715.781:ERROR:process_memory_win.cc(73)] ReadMemory at 0x7ffabf310000 of 64 bytes failed: Only part of a ReadProcessMemory or WriteProcessMemory request was completed. (0x12B)
[0604/132715.781:WARNING:pe_image_reader.cc(340)] could not read dos header from C:\Windows\System32\shcore.dll
[0604/132715.781:ERROR:process_memory_win.cc(73)] ReadMemory at 0x7ffabdc40000 of 64 bytes failed: Only part of a ReadProcessMemory or WriteProcessMemory request was completed. (0x12B)
[0604/132715.781:WARNING:pe_image_reader.cc(340)] could not read dos header from C:\Windows\SYSTEM32\SSPICLI.DLL
[0604/132715.781:ERROR:process_memory_win.cc(73)] ReadMemory at 0x7ffabd700000 of 64 bytes failed: Only part of a ReadProcessMemory or WriteProcessMemory request was completed. (0x12B)
[0604/132715.781:WARNING:pe_image_reader.cc(340)] could not read dos header from C:\Windows\SYSTEM32\CRYPTBASE.DLL
[0604/132716.345:ERROR:process_memory_win.cc(73)] ReadMemory at 0x7ff7694e0000 of 64 bytes failed: Only part of a ReadProcessMemory or WriteProcessMemory request was completed. (0x12B)
[0604/132716.345:WARNING:pe_image_reader.cc(340)] could not read dos header from C:\Program Files (x86)\Google\Chrome\Application\chrome.exe
[0604/132716.346:ERROR:process_memory_win.cc(73)] ReadMemory at 0x7ffac0e60000 of 64 bytes failed: Only part of a ReadProcessMemory or WriteProcessMemory request was completed. (0x12B)
[0604/132716.346:WARNING:pe_image_reader.cc(340)] could not read dos header from C:\Windows\SYSTEM32\ntdll.dll
[0604/132716.346:ERROR:process_memory_win.cc(73)] ReadMemory at 0x7ffabf420000 of 64 bytes failed: Only part of a ReadProcessMemory or WriteProcessMemory request was completed. (0x12B)
[0604/132716.346:WARNING:pe_image_reader.cc(340)] could not read dos header from C:\Windows\System32\KERNEL32.DLL
[0604/132716.346:ERROR:process_memory_win.cc(73)] ReadMemory at 0x7ffabea60000 of 64 bytes failed: Only part of a ReadProcessMemory or WriteProcessMemory request was completed. (0x12B)
[0604/132716.346:WARNING:pe_image_reader.cc(340)] could not read dos header from C:\Windows\System32\KERNELBASE.dll
[0604/132716.346:ERROR:process_memory_win.cc(73)] ReadMemory at 0x7ffa9bd00000 of 64 bytes failed: Only part of a ReadProcessMemory or WriteProcessMemory request was completed. (0x12B)
[0604/132716.346:WARNING:pe_image_reader.cc(340)] could not read dos header from C:\Program Files (x86)\Google\Chrome\Application\83.0.4103.61\chrome_elf.dll
[0604/132716.346:ERROR:process_memory_win.cc(73)] ReadMemory at 0x7ffaaf660000 of 64 bytes failed: Only part of a ReadProcessMemory or WriteProcessMemory request was completed. (0x12B)
[0604/132716.346:WARNING:pe_image_reader.cc(340)] could not read dos header from C:\Windows\SYSTEM32\VERSION.dll
[0604/132716.346:ERROR:process_memory_win.cc(73)] ReadMemory at 0x7ffabfa70000 of 64 bytes failed: Only part of a ReadProcessMemory or WriteProcessMemory request was completed. (0x12B)
[0604/132716.347:WARNING:pe_image_reader.cc(340)] could not read dos header from C:\Windows\System32\msvcrt.dll
[0604/132716.347:ERROR:process_memory_win.cc(73)] ReadMemory at 0x7ffabe9e0000 of 64 bytes failed: Only part of a ReadProcessMemory or WriteProcessMemory request was completed. (0x12B)
[0604/132716.347:WARNING:pe_image_reader.cc(340)] could not read dos header from C:\Windows\System32\bcryptPrimitives.dll
[0604/132716.347:ERROR:process_memory_win.cc(73)] ReadMemory at 0x7ffabb4e0000 of 64 bytes failed: Only part of a ReadProcessMemory or WriteProcessMemory request was completed. (0x12B)
[0604/132716.347:WARNING:pe_image_reader.cc(340)] could not read dos header from C:\Windows\SYSTEM32\WINMM.dll
[0604/132716.347:ERROR:process_memory_win.cc(73)] ReadMemory at 0x7ffabb4b0000 of 64 bytes failed: Only part of a ReadProcessMemory or WriteProcessMemory request was completed. (0x12B)
[0604/132716.347:WARNING:pe_image_reader.cc(340)] could not read dos header from C:\Windows\SYSTEM32\WINMMBASE.dll
[0604/132716.347:ERROR:process_memory_win.cc(73)] ReadMemory at 0x7ffabe770000 of 64 bytes failed: Only part of a ReadProcessMemory or WriteProcessMemory request was completed. (0x12B)
[0604/132716.347:WARNING:pe_image_reader.cc(340)] could not read dos header from C:\Windows\System32\cfgmgr32.dll
[0604/132716.347:ERROR:process_memory_win.cc(73)] ReadMemory at 0x7ffabee10000 of 64 bytes failed: Only part of a ReadProcessMemory or WriteProcessMemory request was completed. (0x12B)
[0604/132716.347:WARNING:pe_image_reader.cc(340)] could not read dos header from C:\Windows\System32\ucrtbase.dll
[0604/132716.348:ERROR:process_memory_win.cc(73)] ReadMemory at 0x7ffabfd00000 of 64 bytes failed: Only part of a ReadProcessMemory or WriteProcessMemory request was completed. (0x12B)
[0604/132716.348:WARNING:pe_image_reader.cc(340)] could not read dos header from C:\Windows\System32\ADVAPI32.dll
[0604/132716.348:ERROR:process_memory_win.cc(73)] ReadMemory at 0x1fbb8860000 of 64 bytes failed: Only part of a ReadProcessMemory or WriteProcessMemory request was completed. (0x12B)
[0604/132716.348:WARNING:pe_image_reader.cc(340)] could not read dos header from C:\Windows\System32\sechost.dll
[0604/132716.348:ERROR:process_memory_win.cc(73)] ReadMemory at 0x7ffabf050000 of 64 bytes failed: Only part of a ReadProcessMemory or WriteProcessMemory request was completed. (0x12B)
[0604/132716.348:WARNING:pe_image_reader.cc(340)] could not read dos header from C:\Windows\System32\RPCRT4.dll
[0604/132716.348:ERROR:process_memory_win.cc(73)] ReadMemory at 0x7ffa72730000 of 64 bytes failed: Only part of a ReadProcessMemory or WriteProcessMemory request was completed. (0x12B)
[0604/132716.348:WARNING:pe_image_reader.cc(340)] could not read dos header from C:\Program Files (x86)\Google\Chrome\Application\83.0.4103.61\chrome.dll
[0604/132716.348:ERROR:process_memory_win.cc(73)] ReadMemory at 0x7ffabefe0000 of 64 bytes failed: Only part of a ReadProcessMemory or WriteProcessMemory request was completed. (0x12B)
[0604/132716.348:WARNING:pe_image_reader.cc(340)] could not read dos header from C:\Windows\System32\WS2_32.dll
[0604/132716.348:ERROR:process_memory_win.cc(73)] ReadMemory at 0x7ffabef10000 of 64 bytes failed: Only part of a ReadProcessMemory or WriteProcessMemory request was completed. (0x12B)
[0604/132716.349:WARNING:pe_image_reader.cc(340)] could not read dos header from C:\Windows\System32\OLEAUT32.dll
[0604/132716.349:ERROR:process_memory_win.cc(73)] ReadMemory at 0x7ffabed10000 of 64 bytes failed: Only part of a ReadProcessMemory or WriteProcessMemory request was completed. (0x12B)
[0604/132716.349:WARNING:pe_image_reader.cc(340)] could not read dos header from C:\Windows\System32\msvcp_win.dll
[0604/132716.349:ERROR:process_memory_win.cc(73)] ReadMemory at 0x7ffabf730000 of 64 bytes failed: Only part of a ReadProcessMemory or WriteProcessMemory request was completed. (0x12B)
[0604/132716.349:WARNING:pe_image_reader.cc(340)] could not read dos header from C:\Windows\System32\combase.dll
[0604/132716.349:ERROR:process_memory_win.cc(73)] ReadMemory at 0x7ffabddf0000 of 64 bytes failed: Only part of a ReadProcessMemory or WriteProcessMemory request was completed. (0x12B)
[0604/132716.349:WARNING:pe_image_reader.cc(340)] could not read dos header from C:\Windows\System32\WINTRUST.dll
[0604/132716.349:ERROR:process_memory_win.cc(73)] ReadMemory at 0x7ffabddd0000 of 64 bytes failed: Only part of a ReadProcessMemory or WriteProcessMemory request was completed. (0x12B)
[0604/132716.349:WARNING:pe_image_reader.cc(340)] could not read dos header from C:\Windows\System32\MSASN1.dll
[0604/132716.349:ERROR:process_memory_win.cc(73)] ReadMemory at 0x7ffabe7c0000 of 64 bytes failed: Only part of a ReadProcessMemory or WriteProcessMemory request was completed. (0x12B)
[0604/132716.349:WARNING:pe_image_reader.cc(340)] could not read dos header from C:\Windows\System32\CRYPT32.dll
[0604/132716.349:ERROR:process_memory_win.cc(73)] ReadMemory at 0x7ffabd240000 of 64 bytes failed: Only part of a ReadProcessMemory or WriteProcessMemory request was completed. (0x12B)
[0604/132716.350:WARNING:pe_image_reader.cc(340)] could not read dos header from C:\Windows\SYSTEM32\IPHLPAPI.DLL
[0604/132716.350:ERROR:process_memory_win.cc(73)] ReadMemory at 0x7ffaaf2c0000 of 64 bytes failed: Only part of a ReadProcessMemory or WriteProcessMemory request was completed. (0x12B)
[0604/132716.350:WARNING:pe_image_reader.cc(340)] could not read dos header from C:\Windows\SYSTEM32\Secur32.dll
[0604/132716.350:ERROR:process_memory_win.cc(73)] ReadMemory at 0x7ffabdc10000 of 64 bytes failed: Only part of a ReadProcessMemory or WriteProcessMemory request was completed. (0x12B)
[0604/132716.350:WARNING:pe_image_reader.cc(340)] could not read dos header from C:\Windows\SYSTEM32\USERENV.dll
[0604/132716.350:ERROR:process_memory_win.cc(73)] ReadMemory at 0x7ffabdda0000 of 64 bytes failed: Only part of a ReadProcessMemory or WriteProcessMemory request was completed. (0x12B)
[0604/132716.350:WARNING:pe_image_reader.cc(340)] could not read dos header from C:\Windows\System32\profapi.dll
[0604/132716.350:ERROR:process_memory_win.cc(73)] ReadMemory at 0x7ffab1670000 of 64 bytes failed: Only part of a ReadProcessMemory or WriteProcessMemory request was completed. (0x12B)
[0604/132716.350:WARNING:pe_image_reader.cc(340)] could not read dos header from C:\Windows\SYSTEM32\UIAutomationCore.DLL
[0604/132716.350:ERROR:process_memory_win.cc(73)] ReadMemory at 0x7ffab5360000 of 64 bytes failed: Only part of a ReadProcessMemory or WriteProcessMemory request was completed. (0x12B)
[0604/132716.350:WARNING:pe_image_reader.cc(340)] could not read dos header from C:\Windows\SYSTEM32\DWrite.dll
[0604/132716.350:ERROR:process_memory_win.cc(73)] ReadMemory at 0x7ffaa47d0000 of 64 bytes failed: Only part of a ReadProcessMemory or WriteProcessMemory request was completed. (0x12B)
[0604/132716.351:WARNING:pe_image_reader.cc(340)] could not read dos header from C:\Windows\SYSTEM32\WINSPOOL.DRV
[0604/132716.351:ERROR:process_memory_win.cc(73)] ReadMemory at 0x7ffabdd80000 of 64 bytes failed: Only part of a ReadProcessMemory or WriteProcessMemory request was completed. (0x12B)
[0604/132716.351:WARNING:pe_image_reader.cc(340)] could not read dos header from C:\Windows\System32\kernel.appcore.dll
[0604/132716.351:ERROR:process_memory_win.cc(73)] ReadMemory at 0x7ffabede0000 of 64 bytes failed: Only part of a ReadProcessMemory or WriteProcessMemory request was completed. (0x12B)
[0604/132716.351:WARNING:pe_image_reader.cc(340)] could not read dos header from C:\Windows\System32\bcrypt.dll
[0604/132716.351:ERROR:process_memory_win.cc(73)] ReadMemory at 0x7ffaad5c0000 of 64 bytes failed: Only part of a ReadProcessMemory or WriteProcessMemory request was completed. (0x12B)
[0604/132716.351:WARNING:pe_image_reader.cc(340)] could not read dos header from C:\Windows\SYSTEM32\dbghelp.dll
[0604/132716.351:ERROR:process_memory_win.cc(73)] ReadMemory at 0x7ffab32f0000 of 64 bytes failed: Only part of a ReadProcessMemory or WriteProcessMemory request was completed. (0x12B)
[0604/132716.351:WARNING:pe_image_reader.cc(340)] could not read dos header from C:\Windows\SYSTEM32\WINHTTP.dll
[0604/132716.351:ERROR:process_memory_win.cc(73)] ReadMemory at 0x7ffab4610000 of 64 bytes failed: Only part of a ReadProcessMemory or WriteProcessMemory request was completed. (0x12B)
[0604/132716.351:WARNING:pe_image_reader.cc(340)] could not read dos header from C:\Windows\SYSTEM32\dhcpcsvc.DLL
[0604/132716.351:ERROR:process_memory_win.cc(73)] ReadMemory at 0x7ffabfc20000 of 64 bytes failed: Only part of a ReadProcessMemory or WriteProcessMemory request was completed. (0x12B)
[0604/132716.351:WARNING:pe_image_reader.cc(340)] could not read dos header from C:\Windows\System32\NSI.dll
[0604/132716.352:ERROR:process_memory_win.cc(73)] ReadMemory at 0x7ffabb1e0000 of 64 bytes failed: Only part of a ReadProcessMemory or WriteProcessMemory request was completed. (0x12B)
[0604/132716.352:WARNING:pe_image_reader.cc(340)] could not read dos header from C:\Windows\SYSTEM32\PROPSYS.dll
[0604/132716.352:ERROR:process_memory_win.cc(73)] ReadMemory at 0x7ffabf310000 of 64 bytes failed: Only part of a ReadProcessMemory or WriteProcessMemory request was completed. (0x12B)
[0604/132716.352:WARNING:pe_image_reader.cc(340)] could not read dos header from C:\Windows\System32\shcore.dll
[0604/132716.352:ERROR:process_memory_win.cc(73)] ReadMemory at 0x7ffabdc40000 of 64 bytes failed: Only part of a ReadProcessMemory or WriteProcessMemory request was completed. (0x12B)
[0604/132716.352:WARNING:pe_image_reader.cc(340)] could not read dos header from C:\Windows\SYSTEM32\SSPICLI.DLL
[0604/132716.352:ERROR:process_memory_win.cc(73)] ReadMemory at 0x7ffabd700000 of 64 bytes failed: Only part of a ReadProcessMemory or WriteProcessMemory request was completed. (0x12B)
[0604/132716.352:WARNING:pe_image_reader.cc(340)] could not read dos header from C:\Windows\SYSTEM32\CRYPTBASE.DLL
[0604/132716.352:ERROR:process_memory_win.cc(73)] ReadMemory at 0x7ff7694e0000 of 64 bytes failed: Only part of a ReadProcessMemory or WriteProcessMemory request was completed. (0x12B)
[0604/132716.352:WARNING:pe_image_reader.cc(340)] could not read dos header from C:\Program Files (x86)\Google\Chrome\Application\chrome.exe
[0604/132716.352:ERROR:process_memory_win.cc(73)] ReadMemory at 0x7ffac0e60000 of 64 bytes failed: Only part of a ReadProcessMemory or WriteProcessMemory request was completed. (0x12B)
[0604/132716.352:WARNING:pe_image_reader.cc(340)] could not read dos header from C:\Windows\SYSTEM32\ntdll.dll
[0604/132716.353:ERROR:process_memory_win.cc(73)] ReadMemory at 0x7ffabf420000 of 64 bytes failed: Only part of a ReadProcessMemory or WriteProcessMemory request was completed. (0x12B)
[0604/132716.353:WARNING:pe_image_reader.cc(340)] could not read dos header from C:\Windows\System32\KERNEL32.DLL
[0604/132716.353:ERROR:process_memory_win.cc(73)] ReadMemory at 0x7ffabea60000 of 64 bytes failed: Only part of a ReadProcessMemory or WriteProcessMemory request was completed. (0x12B)
[0604/132716.353:WARNING:pe_image_reader.cc(340)] could not read dos header from C:\Windows\System32\KERNELBASE.dll
[0604/132716.353:ERROR:process_memory_win.cc(73)] ReadMemory at 0x7ffa9bd00000 of 64 bytes failed: Only part of a ReadProcessMemory or WriteProcessMemory request was completed. (0x12B)
[0604/132716.353:WARNING:pe_image_reader.cc(340)] could not read dos header from C:\Program Files (x86)\Google\Chrome\Application\83.0.4103.61\chrome_elf.dll
[0604/132716.353:ERROR:process_memory_win.cc(73)] ReadMemory at 0x7ffaaf660000 of 64 bytes failed: Only part of a ReadProcessMemory or WriteProcessMemory request was completed. (0x12B)
[0604/132716.353:WARNING:pe_image_reader.cc(340)] could not read dos header from C:\Windows\SYSTEM32\VERSION.dll
[0604/132716.353:ERROR:process_memory_win.cc(73)] ReadMemory at 0x7ffabfa70000 of 64 bytes failed: Only part of a ReadProcessMemory or WriteProcessMemory request was completed. (0x12B)
[0604/132716.353:WARNING:pe_image_reader.cc(340)] could not read dos header from C:\Windows\System32\msvcrt.dll
[0604/132716.353:ERROR:process_memory_win.cc(73)] ReadMemory at 0x7ffabe9e0000 of 64 bytes failed: Only part of a ReadProcessMemory or WriteProcessMemory request was completed. (0x12B)
[0604/132716.353:WARNING:pe_image_reader.cc(340)] could not read dos header from C:\Windows\System32\bcryptPrimitives.dll
[0604/132716.354:ERROR:process_memory_win.cc(73)] ReadMemory at 0x7ffabb4e0000 of 64 bytes failed: Only part of a ReadProcessMemory or WriteProcessMemory request was completed. (0x12B)
[0604/132716.354:WARNING:pe_image_reader.cc(340)] could not read dos header from C:\Windows\SYSTEM32\WINMM.dll
[0604/132716.354:ERROR:process_memory_win.cc(73)] ReadMemory at 0x7ffabb4b0000 of 64 bytes failed: Only part of a ReadProcessMemory or WriteProcessMemory request was completed. (0x12B)
[0604/132716.354:WARNING:pe_image_reader.cc(340)] could not read dos header from C:\Windows\SYSTEM32\WINMMBASE.dll
[0604/132716.354:ERROR:process_memory_win.cc(73)] ReadMemory at 0x7ffabe770000 of 64 bytes failed: Only part of a ReadProcessMemory or WriteProcessMemory request was completed. (0x12B)
[0604/132716.354:WARNING:pe_image_reader.cc(340)] could not read dos header from C:\Windows\System32\cfgmgr32.dll
[0604/132716.354:ERROR:process_memory_win.cc(73)] ReadMemory at 0x7ffabee10000 of 64 bytes failed: Only part of a ReadProcessMemory or WriteProcessMemory request was completed. (0x12B)
[0604/132716.354:WARNING:pe_image_reader.cc(340)] could not read dos header from C:\Windows\System32\ucrtbase.dll
[0604/132716.354:ERROR:process_memory_win.cc(73)] ReadMemory at 0x7ffabfd00000 of 64 bytes failed: Only part of a ReadProcessMemory or WriteProcessMemory request was completed. (0x12B)
[0604/132716.354:WARNING:pe_image_reader.cc(340)] could not read dos header from C:\Windows\System32\ADVAPI32.dll
[0604/132716.357:ERROR:process_memory_win.cc(73)] ReadMemory at 0x1fbb8860000 of 64 bytes failed: Only part of a ReadProcessMemory or WriteProcessMemory request was completed. (0x12B)
[0604/132716.357:WARNING:pe_image_reader.cc(340)] could not read dos header from C:\Windows\System32\sechost.dll
[0604/132716.357:ERROR:process_memory_win.cc(73)] ReadMemory at 0x7ffabf050000 of 64 bytes failed: Only part of a ReadProcessMemory or WriteProcessMemory request was completed. (0x12B)
[0604/132716.357:WARNING:pe_image_reader.cc(340)] could not read dos header from C:\Windows\System32\RPCRT4.dll
[0604/132716.357:ERROR:process_memory_win.cc(73)] ReadMemory at 0x7ffa72730000 of 64 bytes failed: Only part of a ReadProcessMemory or WriteProcessMemory request was completed. (0x12B)
[0604/132716.358:WARNING:pe_image_reader.cc(340)] could not read dos header from C:\Program Files (x86)\Google\Chrome\Application\83.0.4103.61\chrome.dll
[0604/132716.358:ERROR:process_memory_win.cc(73)] ReadMemory at 0x7ffabefe0000 of 64 bytes failed: Only part of a ReadProcessMemory or WriteProcessMemory request was completed. (0x12B)
[0604/132716.358:WARNING:pe_image_reader.cc(340)] could not read dos header from C:\Windows\System32\WS2_32.dll
[0604/132716.358:ERROR:process_memory_win.cc(73)] ReadMemory at 0x7ffabef10000 of 64 bytes failed: Only part of a ReadProcessMemory or WriteProcessMemory request was completed. (0x12B)
[0604/132716.358:WARNING:pe_image_reader.cc(340)] could not read dos header from C:\Windows\System32\OLEAUT32.dll
[0604/132716.358:ERROR:process_memory_win.cc(73)] ReadMemory at 0x7ffabed10000 of 64 bytes failed: Only part of a ReadProcessMemory or WriteProcessMemory request was completed. (0x12B)
[0604/132716.358:WARNING:pe_image_reader.cc(340)] could not read dos header from C:\Windows\System32\msvcp_win.dll
[0604/132716.358:ERROR:process_memory_win.cc(73)] ReadMemory at 0x7ffabf730000 of 64 bytes failed: Only part of a ReadProcessMemory or WriteProcessMemory request was completed. (0x12B)
[0604/132716.358:WARNING:pe_image_reader.cc(340)] could not read dos header from C:\Windows\System32\combase.dll
[0604/132716.358:ERROR:process_memory_win.cc(73)] ReadMemory at 0x7ffabddf0000 of 64 bytes failed: Only part of a ReadProcessMemory or WriteProcessMemory request was completed. (0x12B)
[0604/132716.359:WARNING:pe_image_reader.cc(340)] could not read dos header from C:\Windows\System32\WINTRUST.dll
[0604/132716.359:ERROR:process_memory_win.cc(73)] ReadMemory at 0x7ffabddd0000 of 64 bytes failed: Only part of a ReadProcessMemory or WriteProcessMemory request was completed. (0x12B)
[0604/132716.359:WARNING:pe_image_reader.cc(340)] could not read dos header from C:\Windows\System32\MSASN1.dll
[0604/132716.359:ERROR:process_memory_win.cc(73)] ReadMemory at 0x7ffabe7c0000 of 64 bytes failed: Only part of a ReadProcessMemory or WriteProcessMemory request was completed. (0x12B)
[0604/132716.359:WARNING:pe_image_reader.cc(340)] could not read dos header from C:\Windows\System32\CRYPT32.dll
[0604/132716.359:ERROR:process_memory_win.cc(73)] ReadMemory at 0x7ffabd240000 of 64 bytes failed: Only part of a ReadProcessMemory or WriteProcessMemory request was completed. (0x12B)
[0604/132716.359:WARNING:pe_image_reader.cc(340)] could not read dos header from C:\Windows\SYSTEM32\IPHLPAPI.DLL
[0604/132716.359:ERROR:process_memory_win.cc(73)] ReadMemory at 0x7ffaaf2c0000 of 64 bytes failed: Only part of a ReadProcessMemory or WriteProcessMemory request was completed. (0x12B)
[0604/132716.359:WARNING:pe_image_reader.cc(340)] could not read dos header from C:\Windows\SYSTEM32\Secur32.dll
[0604/132716.359:ERROR:process_memory_win.cc(73)] ReadMemory at 0x7ffabdc10000 of 64 bytes failed: Only part of a ReadProcessMemory or WriteProcessMemory request was completed. (0x12B)
[0604/132716.359:WARNING:pe_image_reader.cc(340)] could not read dos header from C:\Windows\SYSTEM32\USERENV.dll
[0604/132716.360:ERROR:process_memory_win.cc(73)] ReadMemory at 0x7ffabdda0000 of 64 bytes failed: Only part of a ReadProcessMemory or WriteProcessMemory request was completed. (0x12B)
[0604/132716.360:WARNING:pe_image_reader.cc(340)] could not read dos header from C:\Windows\System32\profapi.dll
[0604/132716.360:ERROR:process_memory_win.cc(73)] ReadMemory at 0x7ffab1670000 of 64 bytes failed: Only part of a ReadProcessMemory or WriteProcessMemory request was completed. (0x12B)
[0604/132716.360:WARNING:pe_image_reader.cc(340)] could not read dos header from C:\Windows\SYSTEM32\UIAutomationCore.DLL
[0604/132716.360:ERROR:process_memory_win.cc(73)] ReadMemory at 0x7ffab5360000 of 64 bytes failed: Only part of a ReadProcessMemory or WriteProcessMemory request was completed. (0x12B)
[0604/132716.360:WARNING:pe_image_reader.cc(340)] could not read dos header from C:\Windows\SYSTEM32\DWrite.dll
[0604/132716.360:ERROR:process_memory_win.cc(73)] ReadMemory at 0x7ffaa47d0000 of 64 bytes failed: Only part of a ReadProcessMemory or WriteProcessMemory request was completed. (0x12B)
[0604/132716.360:WARNING:pe_image_reader.cc(340)] could not read dos header from C:\Windows\SYSTEM32\WINSPOOL.DRV
[0604/132716.360:ERROR:process_memory_win.cc(73)] ReadMemory at 0x7ffabdd80000 of 64 bytes failed: Only part of a ReadProcessMemory or WriteProcessMemory request was completed. (0x12B)
[0604/132716.361:WARNING:pe_image_reader.cc(340)] could not read dos header from C:\Windows\System32\kernel.appcore.dll
[0604/132716.361:ERROR:process_memory_win.cc(73)] ReadMemory at 0x7ffabede0000 of 64 bytes failed: Only part of a ReadProcessMemory or WriteProcessMemory request was completed. (0x12B)
[0604/132716.361:WARNING:pe_image_reader.cc(340)] could not read dos header from C:\Windows\System32\bcrypt.dll
[0604/132716.361:ERROR:process_memory_win.cc(73)] ReadMemory at 0x7ffaad5c0000 of 64 bytes failed: Only part of a ReadProcessMemory or WriteProcessMemory request was completed. (0x12B)
[0604/132716.361:WARNING:pe_image_reader.cc(340)] could not read dos header from C:\Windows\SYSTEM32\dbghelp.dll
[0604/132716.361:ERROR:process_memory_win.cc(73)] ReadMemory at 0x7ffab32f0000 of 64 bytes failed: Only part of a ReadProcessMemory or WriteProcessMemory request was completed. (0x12B)
[0604/132716.361:WARNING:pe_image_reader.cc(340)] could not read dos header from C:\Windows\SYSTEM32\WINHTTP.dll
[0604/132716.361:ERROR:process_memory_win.cc(73)] ReadMemory at 0x7ffab4610000 of 64 bytes failed: Only part of a ReadProcessMemory or WriteProcessMemory request was completed. (0x12B)
[0604/132716.361:WARNING:pe_image_reader.cc(340)] could not read dos header from C:\Windows\SYSTEM32\dhcpcsvc.DLL
[0604/132716.361:ERROR:process_memory_win.cc(73)] ReadMemory at 0x7ffabfc20000 of 64 bytes failed: Only part of a ReadProcessMemory or WriteProcessMemory request was completed. (0x12B)
[0604/132716.361:WARNING:pe_image_reader.cc(340)] could not read dos header from C:\Windows\System32\NSI.dll
[0604/132716.362:ERROR:process_memory_win.cc(73)] ReadMemory at 0x7ffabb1e0000 of 64 bytes failed: Only part of a ReadProcessMemory or WriteProcessMemory request was completed. (0x12B)
[0604/132716.362:WARNING:pe_image_reader.cc(340)] could not read dos header from C:\Windows\SYSTEM32\PROPSYS.dll
[0604/132716.362:ERROR:process_memory_win.cc(73)] ReadMemory at 0x7ffabf310000 of 64 bytes failed: Only part of a ReadProcessMemory or WriteProcessMemory request was completed. (0x12B)
[0604/132716.362:WARNING:pe_image_reader.cc(340)] could not read dos header from C:\Windows\System32\shcore.dll
[0604/132716.362:ERROR:process_memory_win.cc(73)] ReadMemory at 0x7ffabdc40000 of 64 bytes failed: Only part of a ReadProcessMemory or WriteProcessMemory request was completed. (0x12B)
[0604/132716.362:WARNING:pe_image_reader.cc(340)] could not read dos header from C:\Windows\SYSTEM32\SSPICLI.DLL
[0604/132716.362:ERROR:process_memory_win.cc(73)] ReadMemory at 0x7ffabd700000 of 64 bytes failed: Only part of a ReadProcessMemory or WriteProcessMemory request was completed. (0x12B)
[0604/132716.362:WARNING:pe_image_reader.cc(340)] could not read dos header from C:\Windows\SYSTEM32\CRYPTBASE.DLL
[0604/132716.681:ERROR:process_memory_win.cc(73)] ReadMemory at 0x678e7f3000 of 53248 bytes failed: Only part of a ReadProcessMemory or WriteProcessMemory request was completed. (0x12B)
[0604/132716.681:ERROR:process_memory_win.cc(73)] ReadMemory at 0x678effd000 of 12288 bytes failed: Only part of a ReadProcessMemory or WriteProcessMemory request was completed. (0x12B)
[0604/132716.733:ERROR:process_memory_win.cc(73)] ReadMemory at 0x678f7f9000 of 28672 bytes failed: Only part of a ReadProcessMemory or WriteProcessMemory request was completed. (0x12B)
[0604/132716.734:ERROR:process_memory_win.cc(73)] ReadMemory at 0x678fffc000 of 16384 bytes failed: Only part of a ReadProcessMemory or WriteProcessMemory request was completed. (0x12B)
[0604/132716.734:ERROR:process_memory_win.cc(73)] ReadMemory at 0x67907fc000 of 16384 bytes failed: Only part of a ReadProcessMemory or WriteProcessMemory request was completed. (0x12B)
[0604/132716.734:ERROR:process_memory_win.cc(73)] ReadMemory at 0x6790ffe000 of 8192 bytes failed: Only part of a ReadProcessMemory or WriteProcessMemory request was completed. (0x12B)
[0604/132716.734:ERROR:process_memory_win.cc(73)] ReadMemory at 0x67917fd000 of 12288 bytes failed: Only part of a ReadProcessMemory or WriteProcessMemory request was completed. (0x12B)
[0604/132716.734:ERROR:process_memory_win.cc(73)] ReadMemory at 0x6791ffb000 of 20480 bytes failed: Only part of a ReadProcessMemory or WriteProcessMemory request was completed. (0x12B)
[0604/132716.735:ERROR:process_memory_win.cc(73)] ReadMemory at 0x67927fd000 of 12288 bytes failed: Only part of a ReadProcessMemory or WriteProcessMemory request was completed. (0x12B)
[0604/132716.735:ERROR:process_memory_win.cc(73)] ReadMemory at 0x6792ffd000 of 12288 bytes failed: Only part of a ReadProcessMemory or WriteProcessMemory request was completed. (0x12B)
[0604/132716.735:ERROR:process_memory_win.cc(73)] ReadMemory at 0x67937fd000 of 12288 bytes failed: Only part of a ReadProcessMemory or WriteProcessMemory request was completed. (0x12B)
[0604/132716.735:ERROR:process_memory_win.cc(73)] ReadMemory at 0x6793ffd000 of 12288 bytes failed: Only part of a ReadProcessMemory or WriteProcessMemory request was completed. (0x12B)
[0604/132716.735:ERROR:process_memory_win.cc(73)] ReadMemory at 0x67947fd000 of 12288 bytes failed: Only part of a ReadProcessMemory or WriteProcessMemory request was completed. (0x12B)
[0604/132716.736:ERROR:process_memory_win.cc(73)] ReadMemory at 0x6794fff000 of 4096 bytes failed: Only part of a ReadProcessMemory or WriteProcessMemory request was completed. (0x12B)
[0604/132716.736:ERROR:process_memory_win.cc(73)] ReadMemory at 0x678de76000 of 852 bytes failed: Only part of a ReadProcessMemory or WriteProcessMemory request was completed. (0x12B)
[0604/132716.736:ERROR:process_memory_win.cc(73)] ReadMemory at 0x678de77000 of 6024 bytes failed: Only part of a ReadProcessMemory or WriteProcessMemory request was completed. (0x12B)
[0604/132716.736:ERROR:process_memory_win.cc(73)] ReadMemory at 0x678de79000 of 6024 bytes failed: Only part of a ReadProcessMemory or WriteProcessMemory request was completed. (0x12B)
[0604/132716.736:ERROR:process_memory_win.cc(73)] ReadMemory at 0x678de7b000 of 6024 bytes failed: Only part of a ReadProcessMemory or WriteProcessMemory request was completed. (0x12B)
[0604/132716.737:ERROR:process_memory_win.cc(73)] ReadMemory at 0x678de7d000 of 6024 bytes failed: Only part of a ReadProcessMemory or WriteProcessMemory request was completed. (0x12B)
[0604/132716.737:ERROR:process_memory_win.cc(73)] ReadMemory at 0x678de7f000 of 6024 bytes failed: Only part of a ReadProcessMemory or WriteProcessMemory request was completed. (0x12B)
[0604/132716.737:ERROR:process_memory_win.cc(73)] ReadMemory at 0x678de81000 of 6024 bytes failed: Only part of a ReadProcessMemory or WriteProcessMemory request was completed. (0x12B)
[0604/132716.738:ERROR:process_memory_win.cc(73)] ReadMemory at 0x678de83000 of 6024 bytes failed: Only part of a ReadProcessMemory or WriteProcessMemory request was completed. (0x12B)
[0604/132716.738:ERROR:process_memory_win.cc(73)] ReadMemory at 0x678de85000 of 6024 bytes failed: Only part of a ReadProcessMemory or WriteProcessMemory request was completed. (0x12B)
[0604/132716.740:ERROR:process_memory_win.cc(73)] ReadMemory at 0x678de87000 of 6024 bytes failed: Only part of a ReadProcessMemory or WriteProcessMemory request was completed. (0x12B)
[0604/132716.740:ERROR:process_memory_win.cc(73)] ReadMemory at 0x678de89000 of 6024 bytes failed: Only part of a ReadProcessMemory or WriteProcessMemory request was completed. (0x12B)
[0604/132716.741:ERROR:process_memory_win.cc(73)] ReadMemory at 0x678de8b000 of 6024 bytes failed: Only part of a ReadProcessMemory or WriteProcessMemory request was completed. (0x12B)
[0604/132716.741:ERROR:process_memory_win.cc(73)] ReadMemory at 0x678de8f000 of 6024 bytes failed: Only part of a ReadProcessMemory or WriteProcessMemory request was completed. (0x12B)
[0604/132716.741:ERROR:process_memory_win.cc(73)] ReadMemory at 0x678de91000 of 6024 bytes failed: Only part of a ReadProcessMemory or WriteProcessMemory request was completed. (0x12B)
[0604/132716.741:ERROR:process_memory_win.cc(73)] ReadMemory at 0x678de93000 of 6024 bytes failed: Only part of a ReadProcessMemory or WriteProcessMemory request was completed. (0x12B)
[0604/132716.741:ERROR:process_memory_win.cc(73)] ReadMemory at 0x1fbb8330df0 of 512 bytes failed: Only part of a ReadProcessMemory or WriteProcessMemory request was completed. (0x12B)
[0604/132716.742:ERROR:process_memory_win.cc(73)] ReadMemory at 0x1fbb8370fe0 of 4050 bytes failed: Only part of a ReadProcessMemory or WriteProcessMemory request was completed. (0x12B)
[0604/132716.742:ERROR:process_memory_win.cc(73)] ReadMemory at 0x1fbb8371fd0 of 1012 bytes failed: Only part of a ReadProcessMemory or WriteProcessMemory request was completed. (0x12B)
[0604/132716.742:ERROR:process_memory_win.cc(73)] ReadMemory at 0x1fbb8372618 of 118 bytes failed: Only part of a ReadProcessMemory or WriteProcessMemory request was completed. (0x12B)
[0604/132716.742:ERROR:process_memory_win.cc(73)] ReadMemory at 0x1fbb8372690 of 674 bytes failed: Only part of a ReadProcessMemory or WriteProcessMemory request was completed. (0x12B)
[0604/132716.745:ERROR:process_memory_win.cc(73)] ReadMemory at 0x1fbb8372934 of 118 bytes failed: Only part of a ReadProcessMemory or WriteProcessMemory request was completed. (0x12B)
[0604/132716.746:ERROR:process_memory_win.cc(73)] ReadMemory at 0x1fbb83729ac of 96 bytes failed: Only part of a ReadProcessMemory or WriteProcessMemory request was completed. (0x12B)
[0604/132716.746:ERROR:process_memory_win.cc(73)] ReadMemory at 0x1fbb8372a20 of 58 bytes failed: Only part of a ReadProcessMemory or WriteProcessMemory request was completed. (0x12B)
[0604/132716.746:ERROR:process_memory_win.cc(73)] ReadMemory at 0x1fbb8372b20 of 132 bytes failed: Only part of a ReadProcessMemory or WriteProcessMemory request was completed. (0x12B)
[0604/132716.746:ERROR:process_memory_win.cc(73)] ReadMemory at 0x1fbb8372cb0 of 132 bytes failed: Only part of a ReadProcessMemory or WriteProcessMemory request was completed. (0x12B)
[0604/132716.746:ERROR:process_memory_win.cc(73)] ReadMemory at 0x1fbb8372e70 of 124 bytes failed: Only part of a ReadProcessMemory or WriteProcessMemory request was completed. (0x12B)
[0604/132716.746:ERROR:process_memory_win.cc(73)] ReadMemory at 0x1fbb8373250 of 132 bytes failed: Only part of a ReadProcessMemory or WriteProcessMemory request was completed. (0x12B)
[0604/132716.747:ERROR:process_memory_win.cc(73)] ReadMemory at 0x1fbb83733e0 of 64 bytes failed: Only part of a ReadProcessMemory or WriteProcessMemory request was completed. (0x12B)
[0604/132716.747:ERROR:process_memory_win.cc(73)] ReadMemory at 0x1fbb8373430 of 132 bytes failed: Only part of a ReadProcessMemory or WriteProcessMemory request was completed. (0x12B)
[0604/132716.747:ERROR:process_memory_win.cc(73)] ReadMemory at 0x1fbb83735a0 of 132 bytes failed: Only part of a ReadProcessMemory or WriteProcessMemory request was completed. (0x12B)
[0604/132716.747:ERROR:process_memory_win.cc(73)] ReadMemory at 0x1fbb8373840 of 132 bytes failed: Only part of a ReadProcessMemory or WriteProcessMemory request was completed. (0x12B)
[0604/132716.747:ERROR:process_memory_win.cc(73)] ReadMemory at 0x1fbb83739d0 of 68 bytes failed: Only part of a ReadProcessMemory or WriteProcessMemory request was completed. (0x12B)
[0604/132716.747:ERROR:process_memory_win.cc(73)] ReadMemory at 0x1fbb8374990 of 144 bytes failed: Only part of a ReadProcessMemory or WriteProcessMemory request was completed. (0x12B)
[0604/132716.747:ERROR:process_memory_win.cc(73)] ReadMemory at 0x1fbb8374a70 of 132 bytes failed: Only part of a ReadProcessMemory or WriteProcessMemory request was completed. (0x12B)
[0604/132716.748:ERROR:process_memory_win.cc(73)] ReadMemory at 0x1fbb8374c00 of 152 bytes failed: Only part of a ReadProcessMemory or WriteProcessMemory request was completed. (0x12B)
[0604/132716.748:ERROR:process_memory_win.cc(73)] ReadMemory at 0x1fbb83759e0 of 62 bytes failed: Only part of a ReadProcessMemory or WriteProcessMemory request was completed. (0x12B)
[0604/132716.748:ERROR:process_memory_win.cc(73)] ReadMemory at 0x1fbb8375a30 of 132 bytes failed: Only part of a ReadProcessMemory or WriteProcessMemory request was completed. (0x12B)
[0604/132717.037:ERROR:process_memory_win.cc(73)] ReadMemory at 0x1fbb8376020 of 132 bytes failed: Only part of a ReadProcessMemory or WriteProcessMemory request was completed. (0x12B)
[0604/132717.037:ERROR:process_memory_win.cc(73)] ReadMemory at 0x1fbb8376150 of 60 bytes failed: Only part of a ReadProcessMemory or WriteProcessMemory request was completed. (0x12B)
[0604/132717.037:ERROR:process_memory_win.cc(73)] ReadMemory at 0x1fbb837aad0 of 132 bytes failed: Only part of a ReadProcessMemory or WriteProcessMemory request was completed. (0x12B)
[0604/132717.038:ERROR:process_memory_win.cc(73)] ReadMemory at 0x1fbb837ae30 of 80 bytes failed: Only part of a ReadProcessMemory or WriteProcessMemory request was completed. (0x12B)
[0604/132717.038:ERROR:process_memory_win.cc(73)] ReadMemory at 0x1fbb837b850 of 64 bytes failed: Only part of a ReadProcessMemory or WriteProcessMemory request was completed. (0x12B)
[0604/132717.038:ERROR:process_memory_win.cc(73)] ReadMemory at 0x1fbb837b940 of 58 bytes failed: Only part of a ReadProcessMemory or WriteProcessMemory request was completed. (0x12B)
[0604/132717.038:ERROR:process_memory_win.cc(73)] ReadMemory at 0x1fbb837b9e0 of 64 bytes failed: Only part of a ReadProcessMemory or WriteProcessMemory request was completed. (0x12B)
[0604/132717.038:ERROR:process_memory_win.cc(73)] ReadMemory at 0x1fbb837bb20 of 64 bytes failed: Only part of a ReadProcessMemory or WriteProcessMemory request was completed. (0x12B)
[0604/132717.039:ERROR:process_memory_win.cc(73)] ReadMemory at 0x1fbb837bc10 of 66 bytes failed: Only part of a ReadProcessMemory or WriteProcessMemory request was completed. (0x12B)
[0604/132717.039:ERROR:process_memory_win.cc(73)] ReadMemory at 0x1fbb837bc60 of 60 bytes failed: Only part of a ReadProcessMemory or WriteProcessMemory request was completed. (0x12B)
[0604/132717.040:ERROR:process_memory_win.cc(73)] ReadMemory at 0x1fbb837bcb0 of 62 bytes failed: Only part of a ReadProcessMemory or WriteProcessMemory request was completed. (0x12B)
[0604/132717.040:ERROR:process_memory_win.cc(73)] ReadMemory at 0x1fbb837d6f0 of 54 bytes failed: Only part of a ReadProcessMemory or WriteProcessMemory request was completed. (0x12B)
[0604/132717.041:ERROR:process_memory_win.cc(73)] ReadMemory at 0x1fbb837f330 of 132 bytes failed: Only part of a ReadProcessMemory or WriteProcessMemory request was completed. (0x12B)
[0604/132717.041:ERROR:process_memory_win.cc(73)] ReadMemory at 0x1fbb837ff30 of 132 bytes failed: Only part of a ReadProcessMemory or WriteProcessMemory request was completed. (0x12B)
[0604/132717.041:ERROR:process_memory_win.cc(73)] ReadMemory at 0x1fbb83801c0 of 132 bytes failed: Only part of a ReadProcessMemory or WriteProcessMemory request was completed. (0x12B)
[0604/132717.041:ERROR:process_memory_win.cc(73)] ReadMemory at 0x1fbb83805c0 of 132 bytes failed: Only part of a ReadProcessMemory or WriteProcessMemory request was completed. (0x12B)
[0604/132717.041:ERROR:process_memory_win.cc(73)] ReadMemory at 0x1fbb83806f0 of 132 bytes failed: Only part of a ReadProcessMemory or WriteProcessMemory request was completed. (0x12B)
[0604/132717.041:ERROR:process_memory_win.cc(73)] ReadMemory at 0x1fbb8381fc0 of 132 bytes failed: Only part of a ReadProcessMemory or WriteProcessMemory request was completed. (0x12B)
[0604/132717.041:ERROR:process_memory_win.cc(73)] ReadMemory at 0x1fbb8385070 of 62 bytes failed: Only part of a ReadProcessMemory or WriteProcessMemory request was completed. (0x12B)
[0604/132717.042:ERROR:process_memory_win.cc(73)] ReadMemory at 0x1fbb8385520 of 62 bytes failed: Only part of a ReadProcessMemory or WriteProcessMemory request was completed. (0x12B)
[0604/132717.042:ERROR:process_memory_win.cc(73)] ReadMemory at 0x1fbb8385570 of 64 bytes failed: Only part of a ReadProcessMemory or WriteProcessMemory request was completed. (0x12B)
[0604/132717.140:ERROR:process_memory_win.cc(73)] ReadMemory at 0x1fbb83855c0 of 60 bytes failed: Only part of a ReadProcessMemory or WriteProcessMemory request was completed. (0x12B)
[0604/132717.141:ERROR:process_memory_win.cc(73)] ReadMemory at 0x1fbb83856b0 of 60 bytes failed: Only part of a ReadProcessMemory or WriteProcessMemory request was completed. (0x12B)
[0604/132717.141:ERROR:process_memory_win.cc(73)] ReadMemory at 0x1fbb8385750 of 62 bytes failed: Only part of a ReadProcessMemory or WriteProcessMemory request was completed. (0x12B)
[0604/132717.141:ERROR:process_memory_win.cc(73)] ReadMemory at 0x1fbb83857f0 of 62 bytes failed: Only part of a ReadProcessMemory or WriteProcessMemory request was completed. (0x12B)
[0604/132717.141:ERROR:process_memory_win.cc(73)] ReadMemory at 0x1fbb8385840 of 64 bytes failed: Only part of a ReadProcessMemory or WriteProcessMemory request was completed. (0x12B)
[0604/132717.141:ERROR:process_memory_win.cc(73)] ReadMemory at 0x1fbb8385890 of 64 bytes failed: Only part of a ReadProcessMemory or WriteProcessMemory request was completed. (0x12B)
[0604/132717.141:ERROR:process_memory_win.cc(73)] ReadMemory at 0x1fbb8385930 of 60 bytes failed: Only part of a ReadProcessMemory or WriteProcessMemory request was completed. (0x12B)
[0604/132717.142:ERROR:process_memory_win.cc(73)] ReadMemory at 0x1fbb8385980 of 62 bytes failed: Only part of a ReadProcessMemory or WriteProcessMemory request was completed. (0x12B)
[0604/132717.142:ERROR:process_memory_win.cc(73)] ReadMemory at 0x1fbb83859d0 of 62 bytes failed: Only part of a ReadProcessMemory or WriteProcessMemory request was completed. (0x12B)
[0604/132717.142:ERROR:process_memory_win.cc(73)] ReadMemory at 0x1fbb8385a20 of 62 bytes failed: Only part of a ReadProcessMemory or WriteProcessMemory request was completed. (0x12B)
[0604/132717.142:ERROR:process_memory_win.cc(73)] ReadMemory at 0x1fbb8385b10 of 64 bytes failed: Only part of a ReadProcessMemory or WriteProcessMemory request was completed. (0x12B)
[0604/132717.143:ERROR:process_memory_win.cc(73)] ReadMemory at 0x1fbb8385b60 of 66 bytes failed: Only part of a ReadProcessMemory or WriteProcessMemory request was completed. (0x12B)
[0604/132717.143:ERROR:process_memory_win.cc(73)] ReadMemory at 0x1fbb8385ca0 of 60 bytes failed: Only part of a ReadProcessMemory or WriteProcessMemory request was completed. (0x12B)
[0604/132717.143:ERROR:process_memory_win.cc(73)] ReadMemory at 0x1fbb8385cf0 of 62 bytes failed: Only part of a ReadProcessMemory or WriteProcessMemory request was completed. (0x12B)
[0604/132717.143:ERROR:process_memory_win.cc(73)] ReadMemory at 0x1fbb8385d40 of 64 bytes failed: Only part of a ReadProcessMemory or WriteProcessMemory request was completed. (0x12B)
[0604/132717.143:ERROR:process_memory_win.cc(73)] ReadMemory at 0x1fbb8385de0 of 62 bytes failed: Only part of a ReadProcessMemory or WriteProcessMemory request was completed. (0x12B)
[0604/132717.143:ERROR:process_memory_win.cc(73)] ReadMemory at 0x1fbb8385e80 of 60 bytes failed: Only part of a ReadProcessMemory or WriteProcessMemory request was completed. (0x12B)
[0604/132717.277:ERROR:process_memory_win.cc(73)] ReadMemory at 0x1fbb8387210 of 132 bytes failed: Only part of a ReadProcessMemory or WriteProcessMemory request was completed. (0x12B)
[0604/132717.277:ERROR:process_memory_win.cc(73)] ReadMemory at 0x1fbb8387390 of 132 bytes failed: Only part of a ReadProcessMemory or WriteProcessMemory request was completed. (0x12B)
[0604/132717.277:ERROR:process_memory_win.cc(73)] ReadMemory at 0x1fbb83874c0 of 132 bytes failed: Only part of a ReadProcessMemory or WriteProcessMemory request was completed. (0x12B)
[0604/132717.394:ERROR:process_memory_win.cc(73)] ReadMemory at 0x1fbb83875f0 of 132 bytes failed: Only part of a ReadProcessMemory or WriteProcessMemory request was completed. (0x12B)
[0604/132717.394:ERROR:process_memory_win.cc(73)] ReadMemory at 0x1fbb8387720 of 132 bytes failed: Only part of a ReadProcessMemory or WriteProcessMemory request was completed. (0x12B)
[0604/132717.395:ERROR:process_memory_win.cc(73)] ReadMemory at 0x1fbb8387850 of 132 bytes failed: Only part of a ReadProcessMemory or WriteProcessMemory request was completed. (0x12B)
[0604/132717.395:ERROR:process_memory_win.cc(73)] ReadMemory at 0x1fbb8387980 of 132 bytes failed: Only part of a ReadProcessMemory or WriteProcessMemory request was completed. (0x12B)
[0604/132717.395:ERROR:process_memory_win.cc(73)] ReadMemory at 0x1fbb8387ab0 of 132 bytes failed: Only part of a ReadProcessMemory or WriteProcessMemory request was completed. (0x12B)
[0604/132717.395:ERROR:process_memory_win.cc(73)] ReadMemory at 0x1fbb8387be0 of 132 bytes failed: Only part of a ReadProcessMemory or WriteProcessMemory request was completed. (0x12B)
[0604/132717.396:ERROR:process_memory_win.cc(73)] ReadMemory at 0x1fbb8387d10 of 132 bytes failed: Only part of a ReadProcessMemory or WriteProcessMemory request was completed. (0x12B)
[0604/132717.396:ERROR:process_memory_win.cc(73)] ReadMemory at 0x1fbb8387e40 of 132 bytes failed: Only part of a ReadProcessMemory or WriteProcessMemory request was completed. (0x12B)
[0604/132717.396:ERROR:process_memory_win.cc(73)] ReadMemory at 0x1fbb8387f70 of 132 bytes failed: Only part of a ReadProcessMemory or WriteProcessMemory request was completed. (0x12B)
[0604/132717.396:ERROR:process_memory_win.cc(73)] ReadMemory at 0x1fbb83880a0 of 132 bytes failed: Only part of a ReadProcessMemory or WriteProcessMemory request was completed. (0x12B)
[0604/132717.396:ERROR:process_memory_win.cc(73)] ReadMemory at 0x1fbb8388760 of 76 bytes failed: Only part of a ReadProcessMemory or WriteProcessMemory request was completed. (0x12B)
[0604/132717.396:ERROR:process_memory_win.cc(73)] ReadMemory at 0x1fbb8388b80 of 80 bytes failed: Only part of a ReadProcessMemory or WriteProcessMemory request was completed. (0x12B)
[0604/132717.397:ERROR:process_memory_win.cc(73)] ReadMemory at 0x1fbb8389ad0 of 512 bytes failed: Only part of a ReadProcessMemory or WriteProcessMemory request was completed. (0x12B)
[0604/132717.397:ERROR:process_memory_win.cc(73)] ReadMemory at 0x1fbb838a2b0 of 132 bytes failed: Only part of a ReadProcessMemory or WriteProcessMemory request was completed. (0x12B)
[0604/132717.397:ERROR:process_memory_win.cc(73)] ReadMemory at 0x1fbb838a3e0 of 132 bytes failed: Only part of a ReadProcessMemory or WriteProcessMemory request was completed. (0x12B)
[0604/132717.397:ERROR:process_memory_win.cc(73)] ReadMemory at 0x1fbb838a510 of 132 bytes failed: Only part of a ReadProcessMemory or WriteProcessMemory request was completed. (0x12B)
[0604/132717.397:ERROR:process_memory_win.cc(73)] ReadMemory at 0x1fbb838a640 of 132 bytes failed: Only part of a ReadProcessMemory or WriteProcessMemory request was completed. (0x12B)
[0604/132717.397:ERROR:process_memory_win.cc(73)] ReadMemory at 0x1fbb838afc0 of 132 bytes failed: Only part of a ReadProcessMemory or WriteProcessMemory request was completed. (0x12B)
[0604/132717.397:ERROR:process_memory_win.cc(73)] ReadMemory at 0x1fbb838b0f0 of 132 bytes failed: Only part of a ReadProcessMemory or WriteProcessMemory request was completed. (0x12B)
[0604/132717.398:ERROR:process_memory_win.cc(73)] ReadMemory at 0x1fbb838b480 of 132 bytes failed: Only part of a ReadProcessMemory or WriteProcessMemory request was completed. (0x12B)
[0604/132717.398:ERROR:process_memory_win.cc(73)] ReadMemory at 0x1fbb838b810 of 132 bytes failed: Only part of a ReadProcessMemory or WriteProcessMemory request was completed. (0x12B)
[0604/132717.398:ERROR:process_memory_win.cc(73)] ReadMemory at 0x1fbb838bcd0 of 132 bytes failed: Only part of a ReadProcessMemory or WriteProcessMemory request was completed. (0x12B)
[0604/132717.398:ERROR:process_memory_win.cc(73)] ReadMemory at 0x1fbb838bf30 of 132 bytes failed: Only part of a ReadProcessMemory or WriteProcessMemory request was completed. (0x12B)
[0604/132717.398:ERROR:process_memory_win.cc(73)] ReadMemory at 0x1fbb839d4b0 of 512 bytes failed: Only part of a ReadProcessMemory or WriteProcessMemory request was completed. (0x12B)
[0604/132717.399:ERROR:process_memory_win.cc(73)] ReadMemory at 0x1fbb84d3a40 of 512 bytes failed: Only part of a ReadProcessMemory or WriteProcessMemory request was completed. (0x12B)
[0604/132717.399:ERROR:process_memory_win.cc(73)] ReadMemory at 0x1fbb85182e8 of 512 bytes failed: Only part of a ReadProcessMemory or WriteProcessMemory request was completed. (0x12B)
[0604/132717.399:ERROR:process_memory_win.cc(73)] ReadMemory at 0x1fbb8940000 of 384 bytes failed: Only part of a ReadProcessMemory or WriteProcessMemory request was completed. (0x12B)
[0604/132717.399:ERROR:process_memory_win.cc(73)] ReadMemory at 0x1fbb898c490 of 512 bytes failed: Only part of a ReadProcessMemory or WriteProcessMemory request was completed. (0x12B)
[0604/132717.399:ERROR:process_memory_win.cc(73)] ReadMemory at 0x1fbb898ce30 of 712 bytes failed: Only part of a ReadProcessMemory or WriteProcessMemory request was completed. (0x12B)
[0604/132717.400:ERROR:process_memory_win.cc(73)] ReadMemory at 0x1fbb899cf60 of 512 bytes failed: Only part of a ReadProcessMemory or WriteProcessMemory request was completed. (0x12B)
[0604/132717.400:ERROR:process_memory_win.cc(73)] ReadMemory at 0x1fbb89b0660 of 512 bytes failed: Only part of a ReadProcessMemory or WriteProcessMemory request was completed. (0x12B)
[0604/132717.400:ERROR:process_memory_win.cc(73)] ReadMemory at 0x1fbb89b1120 of 512 bytes failed: Only part of a ReadProcessMemory or WriteProcessMemory request was completed. (0x12B)
[0604/132717.400:ERROR:process_memory_win.cc(73)] ReadMemory at 0x1fbb9f9ae60 of 512 bytes failed: Only part of a ReadProcessMemory or WriteProcessMemory request was completed. (0x12B)
[0604/132717.400:ERROR:process_memory_win.cc(73)] ReadMemory at 0x1fbbb3d6080 of 512 bytes failed: Only part of a ReadProcessMemory or WriteProcessMemory request was completed. (0x12B)
[0604/132717.400:ERROR:process_memory_win.cc(73)] ReadMemory at 0x1fbbbd32e60 of 512 bytes failed: Only part of a ReadProcessMemory or WriteProcessMemory request was completed. (0x12B)
[0604/132717.401:ERROR:process_memory_win.cc(73)] ReadMemory at 0x7ffa74eb806c of 512 bytes failed: Only part of a ReadProcessMemory or WriteProcessMemory request was completed. (0x12B)
[0604/132717.401:ERROR:process_memory_win.cc(73)] ReadMemory at 0x7ffa7a039568 of 512 bytes failed: Only part of a ReadProcessMemory or WriteProcessMemory request was completed. (0x12B)
[0604/132717.401:ERROR:process_memory_win.cc(73)] ReadMemory at 0x7ffa9bd279a5 of 512 bytes failed: Only part of a ReadProcessMemory or WriteProcessMemory request was completed. (0x12B)
[0604/132717.401:ERROR:process_memory_win.cc(73)] ReadMemory at 0x7ffa9bd28180 of 512 bytes failed: Only part of a ReadProcessMemory or WriteProcessMemory request was completed. (0x12B)
[0604/132717.401:ERROR:process_memory_win.cc(73)] ReadMemory at 0x7ffab53d59d3 of 512 bytes failed: Only part of a ReadProcessMemory or WriteProcessMemory request was completed. (0x12B)
[0604/132717.402:ERROR:process_memory_win.cc(73)] ReadMemory at 0x7ffac0efc074 of 672 bytes failed: Only part of a ReadProcessMemory or WriteProcessMemory request was completed. (0x12B)
[0604/132717.402:ERROR:process_memory_win.cc(73)] ReadMemory at 0x7ffac0eff924 of 608 bytes failed: Only part of a ReadProcessMemory or WriteProcessMemory request was completed. (0x12B)
[0604/132717.402:ERROR:process_memory_win.cc(73)] ReadMemory at 0x7ffac0f8c428 of 18 bytes failed: Only part of a ReadProcessMemory or WriteProcessMemory request was completed. (0x12B)
[0604/132717.402:ERROR:process_memory_win.cc(73)] ReadMemory at 0x7ffac0fbf4f8 of 40 bytes failed: Only part of a ReadProcessMemory or WriteProcessMemory request was completed. (0x12B)
[0604/132717.402:ERROR:process_memory_win.cc(73)] ReadMemory at 0x7ffac0fbf978 of 48 bytes failed: Only part of a ReadProcessMemory or WriteProcessMemory request was completed. (0x12B)
[0604/132717.403:ERROR:process_memory_win.cc(73)] ReadMemory at 0x7ffac0fc53c0 of 64 bytes failed: Only part of a ReadProcessMemory or WriteProcessMemory request was completed. (0x12B)
[0604/132718.752:ERROR:scoped_process_suspend.cc(40)] NtResumeProcess: An attempt was made to access an exiting process. (0xc000010a)
